<?xml version="1.0" encoding="UTF-8"?>
<!-- Generated by org.testng.reporters.JUnitReportReporter -->
<testsuite hostname="LAPTOP-HM366M2I" failures="0" tests="2" name="Shalaka1.E2EProject.ValidateTitle" time="10.864" errors="0" timestamp="12 Jun 2020 16:59:25 GMT">
  <testcase classname="Shalaka1.E2EProject.ValidateTitle" name="ValidateAppHeader" time="0.034"/>
  <testcase classname="Shalaka1.E2EProject.ValidateTitle" name="ValidateAppTitle" time="10.830"/>
</testsuite> <!-- Shalaka1.E2EProject.ValidateTitle -->
