<?xml version="1.0" encoding="UTF-8"?>
<!-- Generated by org.testng.reporters.JUnitReportReporter -->
<testsuite hostname="LAPTOP-HM366M2I" failures="0" tests="1" name="Shalaka1.E2EProject.AppTest" time="0.003" errors="0" timestamp="4 Jun 2020 17:09:25 GMT">
  <testcase classname="Shalaka1.E2EProject.AppTest" name="testApp" time="0.003"/>
</testsuite> <!-- Shalaka1.E2EProject.AppTest -->
