<?xml version="1.0" encoding="UTF-8"?>
<!-- Generated by org.testng.reporters.JUnitReportReporter -->
<testsuite hostname="LAPTOP-HM366M2I" failures="0" tests="2" name="Shalaka1.E2EProject.ValidateTitle" time="13.539" errors="0" timestamp="4 Jun 2020 18:12:44 GMT">
  <testcase classname="Shalaka1.E2EProject.ValidateTitle" name="ValidateAppTitle" time="13.507"/>
  <testcase classname="Shalaka1.E2EProject.ValidateTitle" name="ValidateAppHeader" time="0.032"/>
</testsuite> <!-- Shalaka1.E2EProject.ValidateTitle -->
