<?xml version="1.0" encoding="UTF-8"?>
<!-- Generated by org.testng.reporters.JUnitReportReporter -->
<testsuite hostname="LAPTOP-HM366M2I" failures="0" tests="1" name="Shalaka1.E2EProject.ValidateNavigationBar" time="10.780" errors="0" timestamp="4 Jun 2020 18:12:44 GMT">
  <testcase classname="Shalaka1.E2EProject.ValidateNavigationBar" name="ValidateAppNavigationBar" time="10.780"/>
</testsuite> <!-- Shalaka1.E2EProject.ValidateNavigationBar -->
