<?xml version="1.0" encoding="UTF-8"?>
<!-- Generated by org.testng.reporters.JUnitReportReporter -->
<testsuite hostname="LAPTOP-HM366M2I" failures="0" tests="2" name="Shalaka1.E2EProject.HomePage" time="59.581" errors="0" timestamp="4 Jun 2020 18:12:44 GMT">
  <testcase classname="Shalaka1.E2EProject.HomePage" name="basePageNavigation" time="30.886"/>
  <testcase classname="Shalaka1.E2EProject.HomePage" name="basePageNavigation" time="28.695"/>
</testsuite> <!-- Shalaka1.E2EProject.HomePage -->
